<?xml version="1.0" encoding="UTF-8"?>
<testsuite xmlns:xsi="http://www.w3.org/2001/XMLSchema-instance" xsi:noNamespaceSchemaLocation="https://maven.apache.org/surefire/maven-surefire-plugin/xsd/surefire-test-report.xsd" name="guidstatus.MainTest" time="4.716" tests="1" errors="1" skipped="0" failures="0">
  <properties>
[...]
</properties>
  <testcase name="createTask" classname="guidstatus.MainTest" time="0.083">
    <error message="Handler dispatch failed; nested exception is java.lang.NoClassDefFoundError: com/mongodb/MongoDatabaseImpl" type="org.springframework.web.util.NestedServletException">org.springframework.web.util.NestedServletException: Handler dispatch failed; nested exception is java.lang.NoClassDefFoundError: com/mongodb/MongoDatabaseImpl
	at guidstatus.MainTest.createTask(MainTest.java:29)
Caused by: java.lang.NoClassDefFoundError: com/mongodb/MongoDatabaseImpl
	at guidstatus.MainTest.createTask(MainTest.java:29)
Caused by: java.lang.ClassNotFoundException: com.mongodb.MongoDatabaseImpl
	at guidstatus.MainTest.createTask(MainTest.java:29)
</error>
    <system-out><![CDATA[21:01:32.298 [main] DEBUG org.springframework.test.context.junit4.SpringJUnit4ClassRunner - SpringJUnit4ClassRunner constructor called with [class guidstatus.MainTest]
21:01:32.306 [main] DEBUG org.springframework.test.context.BootstrapUtils - Instantiating CacheAwareContextLoaderDelegate from class [org.springframework.test.context.cache.DefaultCacheAwareContextLoaderDelegate]
21:01:32.315 [main] DEBUG org.springframework.test.context.BootstrapUtils - Instantiating BootstrapContext using constructor [public org.springframework.test.context.support.DefaultBootstrapContext(java.lang.Class,org.springframework.test.context.CacheAwareContextLoaderDelegate)]
21:01:32.338 [main] DEBUG org.springframework.test.context.BootstrapUtils - Instantiating TestContextBootstrapper for test class [guidstatus.MainTest] from class [org.springframework.boot.test.context.SpringBootTestContextBootstrapper]
21:01:32.350 [main] INFO org.springframework.boot.test.context.SpringBootTestContextBootstrapper - Neither @ContextConfiguration nor @ContextHierarchy found for test class [guidstatus.MainTest], using SpringBootContextLoader
21:01:32.353 [main] DEBUG org.springframework.test.context.support.AbstractContextLoader - Did not detect default resource location for test class [guidstatus.MainTest]: class path resource [guidstatus/MainTest-context.xml] does not exist
21:01:32.354 [main] DEBUG org.springframework.test.context.support.AbstractContextLoader - Did not detect default resource location for test class [guidstatus.MainTest]: class path resource [guidstatus/MainTestContext.groovy] does not exist
21:01:32.354 [main] INFO org.springframework.test.context.support.AbstractContextLoader - Could not detect default resource locations for test class [guidstatus.MainTest]: no resource found for suffixes {-context.xml, Context.groovy}.
21:01:32.394 [main] DEBUG org.springframework.test.context.support.ActiveProfilesUtils - Could not find an 'annotation declaring class' for annotation type [org.springframework.test.context.ActiveProfiles] and class [guidstatus.MainTest]
21:01:32.526 [main] DEBUG org.springframework.boot.test.context.SpringBootTestContextBootstrapper - @TestExecutionListeners is not present for class [guidstatus.MainTest]: using defaults.
21:01:32.526 [main] INFO org.springframework.boot.test.context.SpringBootTestContextBootstrapper - Loaded default TestExecutionListener class names from location [META-INF/spring.factories]: [org.springframework.boot.test.mock.mockito.MockitoTestExecutionListener, org.springframework.boot.test.mock.mockito.ResetMocksTestExecutionListener, org.springframework.test.context.web.ServletTestExecutionListener, org.springframework.test.context.support.DirtiesContextBeforeModesTestExecutionListener, org.springframework.test.context.support.DependencyInjectionTestExecutionListener, org.springframework.test.context.support.DirtiesContextTestExecutionListener, org.springframework.test.context.transaction.TransactionalTestExecutionListener, org.springframework.test.context.jdbc.SqlScriptsTestExecutionListener]
21:01:32.540 [main] INFO org.springframework.boot.test.context.SpringBootTestContextBootstrapper - Using TestExecutionListeners: [org.springframework.test.context.web.ServletTestExecutionListener@35ef1869, org.springframework.test.context.support.DirtiesContextBeforeModesTestExecutionListener@c33b74f, org.springframework.boot.test.mock.mockito.MockitoTestExecutionListener@130161f7, org.springframework.test.context.support.DependencyInjectionTestExecutionListener@2c767a52, org.springframework.test.context.support.DirtiesContextTestExecutionListener@619713e5, org.springframework.test.context.transaction.TransactionalTestExecutionListener@708f5957, org.springframework.test.context.jdbc.SqlScriptsTestExecutionListener@68999068, org.springframework.boot.test.mock.mockito.ResetMocksTestExecutionListener@7722c3c3]
21:01:32.541 [main] DEBUG org.springframework.test.annotation.ProfileValueUtils - Retrieved @ProfileValueSourceConfiguration [null] for test class [guidstatus.MainTest]
21:01:32.542 [main] DEBUG org.springframework.test.annotation.ProfileValueUtils - Retrieved ProfileValueSource type [class org.springframework.test.annotation.SystemProfileValueSource] for class [guidstatus.MainTest]
21:01:32.544 [main] DEBUG org.springframework.test.annotation.ProfileValueUtils - Retrieved @ProfileValueSourceConfiguration [null] for test class [guidstatus.MainTest]
21:01:32.544 [main] DEBUG org.springframework.test.annotation.ProfileValueUtils - Retrieved ProfileValueSource type [class org.springframework.test.annotation.SystemProfileValueSource] for class [guidstatus.MainTest]
21:01:32.545 [main] DEBUG org.springframework.test.annotation.ProfileValueUtils - Retrieved @ProfileValueSourceConfiguration [null] for test class [guidstatus.MainTest]
21:01:32.545 [main] DEBUG org.springframework.test.annotation.ProfileValueUtils - Retrieved ProfileValueSource type [class org.springframework.test.annotation.SystemProfileValueSource] for class [guidstatus.MainTest]
21:01:32.548 [main] DEBUG org.springframework.test.context.support.AbstractDirtiesContextTestExecutionListener - Before test class: context [DefaultTestContext@59fd97a8 testClass = MainTest, testInstance = [null], testMethod = [null], testException = [null], mergedContextConfiguration = [WebMergedContextConfiguration@f5ac9e4 testClass = MainTest, locations = '{}', classes = '{class guidstatus.Main, class guidstatus.Main}', contextInitializerClasses = '[]', activeProfiles = '{}', propertySourceLocations = '{}', propertySourceProperties = '{org.springframework.boot.test.context.SpringBootTestContextBootstrapper=true}', contextCustomizers = set[org.springframework.boot.test.context.filter.ExcludeFilterContextCustomizer@192d3247, org.springframework.boot.test.json.DuplicateJsonObjectContextCustomizerFactory$DuplicateJsonObjectContextCustomizer@43bd930a, org.springframework.boot.test.mock.mockito.MockitoContextCustomizer@0, org.springframework.boot.test.web.client.TestRestTemplateContextCustomizer@365185bd, org.springframework.test.context.web.socket.MockServerContainerContextCustomizer@42607a4f], resourceBasePath = 'src/main/webapp', contextLoader = 'org.springframework.boot.test.context.SpringBootContextLoader', parent = [null]], attributes = map['org.springframework.test.context.web.ServletTestExecutionListener.activateListener' -> true]], class annotated with @DirtiesContext [false] with mode [null].
21:01:32.548 [main] DEBUG org.springframework.test.annotation.ProfileValueUtils - Retrieved @ProfileValueSourceConfiguration [null] for test class [guidstatus.MainTest]
21:01:32.549 [main] DEBUG org.springframework.test.annotation.ProfileValueUtils - Retrieved ProfileValueSource type [class org.springframework.test.annotation.SystemProfileValueSource] for class [guidstatus.MainTest]
21:01:32.572 [main] DEBUG org.springframework.test.context.support.TestPropertySourceUtils - Adding inlined properties to environment: {spring.jmx.enabled=false, org.springframework.boot.test.context.SpringBootTestContextBootstrapper=true, server.port=-1}

  .   ____          _            __ _ _
 /\\ / ___'_ __ _ _(_)_ __  __ _ \ \ \ \
( ( )\___ | '_ | '_| | '_ \/ _` | \ \ \ \
 \\/  ___)| |_)| | | | | || (_| |  ) ) ) )
  '  |____| .__|_| |_|_| |_\__, | / / / /
 =========|_|==============|___/=/_/_/_/
 :: Spring Boot ::        (v2.1.4.RELEASE)

2019-05-03 21:01:32.868  INFO 12208 --- [           main] guidstatus.MainTest                      : Starting MainTest on DESKTOP-8CBIT2A with PID 12208 (started by dimak in C:\guidstatus)
2019-05-03 21:01:32.869  INFO 12208 --- [           main] guidstatus.MainTest                      : No active profile set, falling back to default profiles: default
2019-05-03 21:01:33.762  INFO 12208 --- [           main] .s.d.r.c.RepositoryConfigurationDelegate : Bootstrapping Spring Data repositories in DEFAULT mode.
2019-05-03 21:01:33.826  INFO 12208 --- [           main] .s.d.r.c.RepositoryConfigurationDelegate : Finished Spring Data repository scanning in 56ms. Found 1 repository interfaces.
2019-05-03 21:01:35.102  INFO 12208 --- [           main] o.s.s.c.ThreadPoolTaskScheduler          : Initializing ExecutorService 'threadPoolTaskScheduler'
2019-05-03 21:01:35.672  INFO 12208 --- [           main] o.s.b.t.m.w.SpringBootMockServletContext : Initializing Spring TestDispatcherServlet ''
2019-05-03 21:01:35.672  INFO 12208 --- [           main] o.s.t.web.servlet.TestDispatcherServlet  : Initializing Servlet ''
2019-05-03 21:01:35.729  INFO 12208 --- [           main] pertySourcedRequestMappingHandlerMapping : Mapped URL path [/api-docs] onto method [public org.springframework.http.ResponseEntity<springfox.documentation.spring.web.json.Json> springfox.documentation.swagger2.web.Swagger2Controller.getDocumentation(java.lang.String,javax.servlet.http.HttpServletRequest)]
2019-05-03 21:01:36.171  INFO 12208 --- [           main] o.s.t.web.servlet.TestDispatcherServlet  : Completed initialization in 499 ms
2019-05-03 21:01:36.473  INFO 12208 --- [           main] d.s.w.p.DocumentationPluginsBootstrapper : Context refreshed
2019-05-03 21:01:36.497  INFO 12208 --- [           main] d.s.w.p.DocumentationPluginsBootstrapper : Found 1 custom documentation plugin(s)
2019-05-03 21:01:36.545  INFO 12208 --- [           main] s.d.s.w.s.ApiListingReferenceScanner     : Scanning for api listing references
2019-05-03 21:01:36.726  INFO 12208 --- [           main] guidstatus.MainTest                      : Started MainTest in 4.138 seconds (JVM running for 4.95)
hi
]]></system-out>
  </testcase>
</testsuite>